{"logTime": "1103/125433", "correlationVector":"S/RjXsmGBTV5qOPEY6d22O.1","action":"SyncServerConnectionManagerRequest", "result":"SYNC_SERVER_OK", "context":{"environment":"Prod_southeastasia_prod-s01-064-apac-southeastasia", "migrationStage":"NotStarted", "server":"akswtt106000013"}}
{"logTime": "1103/125433", "correlationVector":"S/RjXsmGBTV5qOPEY6d22O.2","action":"ProcessGetUpdates", "result":"Done", "context":{"dataType":"Encryption Keys", "deleted":"0", "process_failed_to_decrypt":"0", "process_pending_decryption":"0", "process_success":"1", "total":"1"}}
{"logTime": "1103/125435", "correlationVector":"x5umlu0G+k6kP7RaOKfEf4","action":"SyncServerConnectionManagerRequest", "result":"SYNC_SERVER_OK", "context":{"environment":"", "migrationStage":"", "server":""}}
{"logTime": "1103/125435", "correlationVector":"x5umlu0G+k6kP7RaOKfEf4.0","action":"EncryptionKeysFetcher.DownloadKeys:", "result":"Success", "context":Key count: 9, Last key timestamp: 2025-07-05T15:17:38Z}
{"logTime": "1103/125435", "correlationVector":"x5umlu0G+k6kP7RaOKfEf4.1","action":"EncryptionKeysManager::SetEncryptionKeys:", "result":"Success", "context":Key names[9]:[Bqyev/H0In0DMm11CyDa7eIP/jThVu/ICFXyfxO2feISKvjVH1oXF6DRI0DKS4BlPzCq9QkFmO5MREbVHHIERg==][3ktIIVQftUtu4KTU4iJ3uJztmxkxFIq+yZpBFIbIraxd9oRfecz/x90D/Nq5u8oL2F3GUHapXKn7p6TXR/pjHA==][K5fY3FNXw7OflxWkIMH7Qv8KDn+xmHex7AHnLfQgrnsc8xPq0NdMR4pIN7Kzu7zlBHo7bD1wntH6V7Jrh7PPrA==][FfaxmXmEZr05vaA90UVSIYWlReYg9wf4iTiZ+pMJKvbNrprABvrA+J/TCFxDnUsFx+/EucU/q4EmXROnnASlcw==][tPHMHTThzx63jFxrmtcKNwkBdtIvMILt45p/yobWHDNSubkTe68Zb8k94KvpuA/3yaKz5SlzFCThYvqMN1BMLw==][YqNRrNqRDzXDqEn2ZY4kZgjL9MeIrotKMkOBK5gR3NqnpZ9b7uS6Lm+siqeNmanh+YfNMo21yDrtt6/+AajCow==][eBjvTCwdQyu3j6TOxn1HBaz6gDZAwn4lTsMTfGVDwp/55GM5bqv3LLRburvunEhuyKOlfSdVZHefVs74ZVIuTw==][rqBTyL2BogZqobQfLdymD8EXXOoFJ8q6VP4MphYa5u6va5BQBEzkiKpDVqo1kNpxUMc6M6dFdTEVOcAHd7oSVA==][OojaplpbGt8qtrBZrvSJUEwTm7MNwpTcVXdqD5zl8wNDvOw0gjQXXx0uJF6okXlSqHIWtZBZ9aamP+hCSy45IQ==]}
{"logTime": "1103/125435", "correlationVector":"x5umlu0G+k6kP7RaOKfEf4.2","action":"EncryptionKeysManager::SetEncryptionKeysWithTimestamps:", "result":"Success", "context":Key timestamps[9]:[2022-05-18T03:37:25Z][2022-11-14T21:29:13Z][2023-02-05T05:40:53Z][2023-07-12T12:46:11Z][2024-01-09T02:59:54Z][2024-07-08T03:30:17Z][2024-07-10T03:31:08Z][2025-01-06T13:23:56Z][2025-07-05T15:17:38Z]}
{"logTime": "1103/125435", "correlationVector":"S/RjXsmGBTV5qOPEY6d22O","action":"Initial GetUpdates", "result":"", "context":Reason: NEW_CLIENT. cV=S/RjXsmGBTV5qOPEY6d22O}
{"logTime": "1103/125435", "correlationVector":"S/RjXsmGBTV5qOPEY6d22O.3","action":"GetUpdates Response", "result":"Success", "context":Received 1 update(s). cV=S/RjXsmGBTV5qOPEY6d22O.0;server=akswtt106000013;cloudType=Consumer;environment=Prod_southeastasia_prod-s01-064-apac-southeastasia;migrationStage=NotStarted}
{"logTime": "1103/125435", "correlationVector":"spNHX05CyNXqMCqYJscuux","action":"Initial GetUpdates", "result":"", "context":Reason: NEWLY_SUPPORTED_DATATYPE. cV=spNHX05CyNXqMCqYJscuux}
{"logTime": "1103/125436", "correlationVector":"spNHX05CyNXqMCqYJscuux.1","action":"SyncServerConnectionManagerRequest", "result":"SYNC_SERVER_OK", "context":{"environment":"Prod_southeastasia_prod-s01-065-apac-southeastasia", "migrationStage":"NotStarted", "server":"akswtt10600000h"}}
{"logTime": "1103/125436", "correlationVector":"spNHX05CyNXqMCqYJscuux.2","action":"ProcessGetUpdates", "result":"Done", "context":{"dataType":"Preferences", "deleted":"0", "process_failed_to_decrypt":"0", "process_pending_decryption":"0", "process_success":"87", "total":"87"}}
{"logTime": "1103/125436", "correlationVector":"spNHX05CyNXqMCqYJscuux.3","action":"ProcessGetUpdates", "result":"Done", "context":{"dataType":"Passwords", "deleted":"0", "process_failed_to_decrypt":"0", "process_pending_decryption":"0", "process_success":"12", "total":"12"}}
{"logTime": "1103/125436", "correlationVector":"spNHX05CyNXqMCqYJscuux.4","action":"ProcessGetUpdates", "result":"Done", "context":{"dataType":"Device Info", "deleted":"0", "process_failed_to_decrypt":"0", "process_pending_decryption":"0", "process_success":"2", "total":"2"}}
{"logTime": "1103/125436", "correlationVector":"spNHX05CyNXqMCqYJscuux.5","action":"GetUpdates Response", "result":"Success", "context":Received 101 update(s). cV=spNHX05CyNXqMCqYJscuux.0;server=akswtt10600000h;cloudType=Consumer;environment=Prod_southeastasia_prod-s01-065-apac-southeastasia;migrationStage=NotStarted}
{"logTime": "1103/125436", "correlationVector":"/uxzQSn7ayYNwF3Ssn/oqk","action":"Initial GetUpdates", "result":"", "context":Reason: NEWLY_SUPPORTED_DATATYPE. cV=/uxzQSn7ayYNwF3Ssn/oqk}
{"logTime": "1103/125436", "correlationVector":"/uxzQSn7ayYNwF3Ssn/oqk.1","action":"SyncServerConnectionManagerRequest", "result":"SYNC_SERVER_OK", "context":{"environment":"Prod_southeastasia_prod-s01-065-apac-southeastasia", "migrationStage":"NotStarted", "server":"akswtt10600000o"}}
{"logTime": "1103/125436", "correlationVector":"/uxzQSn7ayYNwF3Ssn/oqk.2","action":"ProcessGetUpdates", "result":"Done", "context":{"dataType":"Bookmarks", "deleted":"7", "process_failed_to_decrypt":"0", "process_pending_decryption":"0", "process_success":"37", "total":"37"}}
{"logTime": "1103/125436", "correlationVector":"/uxzQSn7ayYNwF3Ssn/oqk.3","action":"GetUpdates Response", "result":"Success", "context":Received 37 update(s). cV=/uxzQSn7ayYNwF3Ssn/oqk.0;server=akswtt10600000o;cloudType=Consumer;environment=Prod_southeastasia_prod-s01-065-apac-southeastasia;migrationStage=NotStarted}
{"logTime": "1103/125436", "correlationVector":"uPgIPZQIkTgJinja57TZHP","action":"Initial GetUpdates", "result":"", "context":Reason: NEWLY_SUPPORTED_DATATYPE. cV=uPgIPZQIkTgJinja57TZHP}
{"logTime": "1103/125437", "correlationVector":"uPgIPZQIkTgJinja57TZHP.1","action":"SyncServerConnectionManagerRequest", "result":"SYNC_SERVER_OK", "context":{"environment":"Prod_southeastasia_prod-s01-065-apac-southeastasia", "migrationStage":"NotStarted", "server":"akswtt10600001w"}}
{"logTime": "1103/125437", "correlationVector":"uPgIPZQIkTgJinja57TZHP.2","action":"ProcessGetUpdates", "result":"Done", "context":{"dataType":"Autofill Profiles", "deleted":"0", "process_failed_to_decrypt":"0", "process_pending_decryption":"0", "process_success":"25", "total":"25"}}
{"logTime": "1103/125437", "correlationVector":"uPgIPZQIkTgJinja57TZHP.3","action":"ProcessGetUpdates", "result":"Done", "context":{"dataType":"Autofill", "deleted":"0", "process_failed_to_decrypt":"0", "process_pending_decryption":"0", "process_success":"223", "total":"223"}}
{"logTime": "1103/125437", "correlationVector":"uPgIPZQIkTgJinja57TZHP.4","action":"ProcessGetUpdates", "result":"Done", "context":{"dataType":"Web Apps", "deleted":"0", "process_failed_to_decrypt":"0", "process_pending_decryption":"0", "process_success":"2", "total":"2"}}
{"logTime": "1103/125437", "correlationVector":"uPgIPZQIkTgJinja57TZHP.5","action":"GetUpdates Response", "result":"Success", "context":Received 250 update(s). cV=uPgIPZQIkTgJinja57TZHP.0;server=akswtt10600001w;cloudType=Consumer;environment=Prod_southeastasia_prod-s01-065-apac-southeastasia;migrationStage=NotStarted Some updates remain.}
{"logTime": "1103/125437", "correlationVector":"4IF5kRe+y72u+i5x3G55dY","action":"Initial GetUpdates", "result":"", "context":Reason: NEWLY_SUPPORTED_DATATYPE. cV=4IF5kRe+y72u+i5x3G55dY}
{"logTime": "1103/125438", "correlationVector":"4IF5kRe+y72u+i5x3G55dY.1","action":"SyncServerConnectionManagerRequest", "result":"SYNC_SERVER_OK", "context":{"environment":"Prod_southeastasia_prod-s01-065-apac-southeastasia", "migrationStage":"NotStarted", "server":"akswtt10600000s"}}
{"logTime": "1103/125438", "correlationVector":"4IF5kRe+y72u+i5x3G55dY.2","action":"ProcessGetUpdates", "result":"Done", "context":{"dataType":"Autofill Profiles", "deleted":"0", "process_failed_to_decrypt":"0", "process_pending_decryption":"0", "process_success":"3", "total":"3"}}
{"logTime": "1103/125438", "correlationVector":"4IF5kRe+y72u+i5x3G55dY.3","action":"ProcessGetUpdates", "result":"Done", "context":{"dataType":"Autofill", "deleted":"0", "process_failed_to_decrypt":"0", "process_pending_decryption":"0", "process_success":"247", "total":"247"}}
{"logTime": "1103/125438", "correlationVector":"4IF5kRe+y72u+i5x3G55dY.4","action":"GetUpdates Response", "result":"Success", "context":Received 250 update(s). cV=4IF5kRe+y72u+i5x3G55dY.0;server=akswtt10600000s;cloudType=Consumer;environment=Prod_southeastasia_prod-s01-065-apac-southeastasia;migrationStage=NotStarted Some updates remain.}
{"logTime": "1103/125438", "correlationVector":"MpygiGgVy/MiAygvPNHPao","action":"Initial GetUpdates", "result":"", "context":Reason: NEWLY_SUPPORTED_DATATYPE. cV=MpygiGgVy/MiAygvPNHPao}
{"logTime": "1103/125438", "correlationVector":"MpygiGgVy/MiAygvPNHPao.1","action":"SyncServerConnectionManagerRequest", "result":"SYNC_SERVER_OK", "context":{"environment":"Prod_southeastasia_prod-s01-065-apac-southeastasia", "migrationStage":"NotStarted", "server":"akswtt106000000"}}
{"logTime": "1103/125438", "correlationVector":"MpygiGgVy/MiAygvPNHPao.2","action":"ProcessGetUpdates", "result":"Done", "context":{"dataType":"Autofill Profiles", "deleted":"0", "process_failed_to_decrypt":"0", "process_pending_decryption":"0", "process_success":"2", "total":"2"}}
{"logTime": "1103/125438", "correlationVector":"MpygiGgVy/MiAygvPNHPao.3","action":"ProcessGetUpdates", "result":"Done", "context":{"dataType":"Autofill", "deleted":"0", "process_failed_to_decrypt":"0", "process_pending_decryption":"0", "process_success":"45", "total":"45"}}
{"logTime": "1103/125438", "correlationVector":"MpygiGgVy/MiAygvPNHPao.4","action":"ProcessGetUpdates", "result":"Done", "context":{"dataType":"Sessions", "deleted":"195", "process_failed_to_decrypt":"0", "process_pending_decryption":"0", "process_success":"195", "total":"195"}}
{"logTime": "1103/125438", "correlationVector":"MpygiGgVy/MiAygvPNHPao.5","action":"ProcessGetUpdates", "result":"Done", "context":{"dataType":"Saved Tab Group", "deleted":"3", "process_failed_to_decrypt":"0", "process_pending_decryption":"0", "process_success":"3", "total":"3"}}
{"logTime": "1103/125438", "correlationVector":"MpygiGgVy/MiAygvPNHPao.6","action":"ProcessGetUpdates", "result":"Done", "context":{"dataType":"Edge Hub App Usage", "deleted":"4", "process_failed_to_decrypt":"0", "process_pending_decryption":"0", "process_success":"5", "total":"5"}}
{"logTime": "1103/125438", "correlationVector":"MpygiGgVy/MiAygvPNHPao.7","action":"GetUpdates Response", "result":"Success", "context":Received 250 update(s). cV=MpygiGgVy/MiAygvPNHPao.0;server=akswtt106000000;cloudType=Consumer;environment=Prod_southeastasia_prod-s01-065-apac-southeastasia;migrationStage=NotStarted Some updates remain.}
{"logTime": "1103/125438", "correlationVector":"dm+VfAMEpSvWHwwdGgGgTT","action":"Initial GetUpdates", "result":"", "context":Reason: NEWLY_SUPPORTED_DATATYPE. cV=dm+VfAMEpSvWHwwdGgGgTT}
{"logTime": "1103/125440", "correlationVector":"dm+VfAMEpSvWHwwdGgGgTT.1","action":"SyncServerConnectionManagerRequest", "result":"SYNC_SERVER_OK", "context":{"environment":"Prod_southeastasia_prod-s01-065-apac-southeastasia", "migrationStage":"NotStarted", "server":"akswtt10600000s"}}
{"logTime": "1103/125440", "correlationVector":"dm+VfAMEpSvWHwwdGgGgTT.2","action":"ProcessGetUpdates", "result":"Done", "context":{"dataType":"Autofill Profiles", "deleted":"2", "process_failed_to_decrypt":"0", "process_pending_decryption":"0", "process_success":"3", "total":"3"}}
{"logTime": "1103/125440", "correlationVector":"dm+VfAMEpSvWHwwdGgGgTT.3","action":"ProcessGetUpdates", "result":"Done", "context":{"dataType":"Autofill", "deleted":"0", "process_failed_to_decrypt":"0", "process_pending_decryption":"0", "process_success":"28", "total":"28"}}
{"logTime": "1103/125440", "correlationVector":"dm+VfAMEpSvWHwwdGgGgTT.4","action":"ProcessGetUpdates", "result":"Done", "context":{"dataType":"Sessions", "deleted":"198", "process_failed_to_decrypt":"0", "process_pending_decryption":"0", "process_success":"198", "total":"198"}}
{"logTime": "1103/125440", "correlationVector":"dm+VfAMEpSvWHwwdGgGgTT.5","action":"ProcessGetUpdates", "result":"Done", "context":{"dataType":"Extension settings", "deleted":"18", "process_failed_to_decrypt":"0", "process_pending_decryption":"0", "process_success":"19", "total":"19"}}
{"logTime": "1103/125440", "correlationVector":"dm+VfAMEpSvWHwwdGgGgTT.6","action":"ProcessGetUpdates", "result":"Done", "context":{"dataType":"Edge Hub App Usage", "deleted":"1", "process_failed_to_decrypt":"0", "process_pending_decryption":"0", "process_success":"2", "total":"2"}}
{"logTime": "1103/125440", "correlationVector":"dm+VfAMEpSvWHwwdGgGgTT.7","action":"GetUpdates Response", "result":"Success", "context":Received 250 update(s). cV=dm+VfAMEpSvWHwwdGgGgTT.0;server=akswtt10600000s;cloudType=Consumer;environment=Prod_southeastasia_prod-s01-065-apac-southeastasia;migrationStage=NotStarted Some updates remain.}
{"logTime": "1103/125440", "correlationVector":"vqR6BZLXt1lqHvmyfoUCeF","action":"Initial GetUpdates", "result":"", "context":Reason: NEWLY_SUPPORTED_DATATYPE. cV=vqR6BZLXt1lqHvmyfoUCeF}
{"logTime": "1103/125441", "correlationVector":"vqR6BZLXt1lqHvmyfoUCeF.1","action":"SyncServerConnectionManagerRequest", "result":"SYNC_SERVER_OK", "context":{"environment":"Prod_southeastasia_prod-s01-065-apac-southeastasia", "migrationStage":"NotStarted", "server":"akswtt10600000o"}}
{"logTime": "1103/125441", "correlationVector":"vqR6BZLXt1lqHvmyfoUCeF.2","action":"ProcessGetUpdates", "result":"Done", "context":{"dataType":"Autofill Profiles", "deleted":"2", "process_failed_to_decrypt":"0", "process_pending_decryption":"0", "process_success":"5", "total":"5"}}
{"logTime": "1103/125441", "correlationVector":"vqR6BZLXt1lqHvmyfoUCeF.3","action":"ProcessGetUpdates", "result":"Done", "context":{"dataType":"Autofill", "deleted":"0", "process_failed_to_decrypt":"0", "process_pending_decryption":"0", "process_success":"32", "total":"32"}}
{"logTime": "1103/125441", "correlationVector":"vqR6BZLXt1lqHvmyfoUCeF.4","action":"ProcessGetUpdates", "result":"Done", "context":{"dataType":"Sessions", "deleted":"205", "process_failed_to_decrypt":"0", "process_pending_decryption":"0", "process_success":"205", "total":"205"}}
{"logTime": "1103/125441", "correlationVector":"vqR6BZLXt1lqHvmyfoUCeF.5","action":"ProcessGetUpdates", "result":"Done", "context":{"dataType":"Extension settings", "deleted":"5", "process_failed_to_decrypt":"0", "process_pending_decryption":"0", "process_success":"7", "total":"7"}}
{"logTime": "1103/125441", "correlationVector":"vqR6BZLXt1lqHvmyfoUCeF.6","action":"ProcessGetUpdates", "result":"Done", "context":{"dataType":"Edge Hub App Usage", "deleted":"1", "process_failed_to_decrypt":"0", "process_pending_decryption":"0", "process_success":"1", "total":"1"}}
{"logTime": "1103/125441", "correlationVector":"vqR6BZLXt1lqHvmyfoUCeF.7","action":"GetUpdates Response", "result":"Success", "context":Received 250 update(s). cV=vqR6BZLXt1lqHvmyfoUCeF.0;server=akswtt10600000o;cloudType=Consumer;environment=Prod_southeastasia_prod-s01-065-apac-southeastasia;migrationStage=NotStarted Some updates remain.}
{"logTime": "1103/125441", "correlationVector":"3ZNZMEkZ0UTMjwIIUGrP/g","action":"Initial GetUpdates", "result":"", "context":Reason: NEWLY_SUPPORTED_DATATYPE. cV=3ZNZMEkZ0UTMjwIIUGrP/g}
{"logTime": "1103/125441", "correlationVector":"3ZNZMEkZ0UTMjwIIUGrP/g.1","action":"SyncServerConnectionManagerRequest", "result":"SYNC_SERVER_OK", "context":{"environment":"Prod_southeastasia_prod-s01-065-apac-southeastasia", "migrationStage":"NotStarted", "server":"akswtt10600000v"}}
{"logTime": "1103/125441", "correlationVector":"3ZNZMEkZ0UTMjwIIUGrP/g.2","action":"ProcessGetUpdates", "result":"Done", "context":{"dataType":"Autofill Profiles", "deleted":"0", "process_failed_to_decrypt":"0", "process_pending_decryption":"0", "process_success":"8", "total":"8"}}
{"logTime": "1103/125441", "correlationVector":"3ZNZMEkZ0UTMjwIIUGrP/g.3","action":"ProcessGetUpdates", "result":"Done", "context":{"dataType":"Autofill", "deleted":"0", "process_failed_to_decrypt":"0", "process_pending_decryption":"0", "process_success":"27", "total":"27"}}
{"logTime": "1103/125441", "correlationVector":"3ZNZMEkZ0UTMjwIIUGrP/g.4","action":"ProcessGetUpdates", "result":"Done", "context":{"dataType":"Extensions", "deleted":"0", "process_failed_to_decrypt":"0", "process_pending_decryption":"0", "process_success":"1", "total":"1"}}
{"logTime": "1103/125441", "correlationVector":"3ZNZMEkZ0UTMjwIIUGrP/g.5","action":"ProcessGetUpdates", "result":"Done", "context":{"dataType":"Sessions", "deleted":"118", "process_failed_to_decrypt":"0", "process_pending_decryption":"0", "process_success":"124", "total":"124"}}
{"logTime": "1103/125441", "correlationVector":"3ZNZMEkZ0UTMjwIIUGrP/g.6","action":"ProcessGetUpdates", "result":"Done", "context":{"dataType":"Extension settings", "deleted":"0", "process_failed_to_decrypt":"0", "process_pending_decryption":"0", "process_success":"2", "total":"2"}}
{"logTime": "1103/125441", "correlationVector":"3ZNZMEkZ0UTMjwIIUGrP/g.7","action":"ProcessGetUpdates", "result":"Done", "context":{"dataType":"Edge Hub App Usage", "deleted":"0", "process_failed_to_decrypt":"0", "process_pending_decryption":"0", "process_success":"1", "total":"1"}}
{"logTime": "1103/125441", "correlationVector":"3ZNZMEkZ0UTMjwIIUGrP/g.8","action":"GetUpdates Response", "result":"Success", "context":Received 163 update(s). cV=3ZNZMEkZ0UTMjwIIUGrP/g.0;server=akswtt10600000v;cloudType=Consumer;environment=Prod_southeastasia_prod-s01-065-apac-southeastasia;migrationStage=NotStarted}
{"logTime": "1103/125441", "correlationVector":"HRI9M84+mqYvCSi4Gcznkw","action":"Initial GetUpdates", "result":"", "context":Reason: NEWLY_SUPPORTED_DATATYPE. cV=HRI9M84+mqYvCSi4Gcznkw}
{"logTime": "1103/125442", "correlationVector":"HRI9M84+mqYvCSi4Gcznkw.1","action":"SyncServerConnectionManagerRequest", "result":"SYNC_SERVER_OK", "context":{"environment":"Prod_southeastasia_prod-s01-065-apac-southeastasia", "migrationStage":"NotStarted", "server":"akswtt10600000o"}}
{"logTime": "1103/125442", "correlationVector":"HRI9M84+mqYvCSi4Gcznkw.2","action":"ProcessGetUpdates", "result":"Done", "context":{"dataType":"History", "deleted":"0", "process_failed_to_decrypt":"0", "process_pending_decryption":"0", "process_success":"250", "total":"250"}}
{"logTime": "1103/125442", "correlationVector":"HRI9M84+mqYvCSi4Gcznkw.3","action":"GetUpdates Response", "result":"Success", "context":Received 250 update(s). cV=HRI9M84+mqYvCSi4Gcznkw.0;server=akswtt10600000o;cloudType=Consumer;environment=Prod_southeastasia_prod-s01-065-apac-southeastasia;migrationStage=NotStarted Some updates remain.}
{"logTime": "1103/125442", "correlationVector":"1HuAR+l5UGI+79zNsJb5AW","action":"Initial GetUpdates", "result":"", "context":Reason: NEWLY_SUPPORTED_DATATYPE. cV=1HuAR+l5UGI+79zNsJb5AW}
{"logTime": "1103/125443", "correlationVector":"1HuAR+l5UGI+79zNsJb5AW.1","action":"SyncServerConnectionManagerRequest", "result":"SYNC_SERVER_OK", "context":{"environment":"Prod_southeastasia_prod-s01-065-apac-southeastasia", "migrationStage":"NotStarted", "server":"akswtt10600000o"}}
{"logTime": "1103/125443", "correlationVector":"1HuAR+l5UGI+79zNsJb5AW.2","action":"ProcessGetUpdates", "result":"Done", "context":{"dataType":"History", "deleted":"0", "process_failed_to_decrypt":"0", "process_pending_decryption":"0", "process_success":"250", "total":"250"}}
{"logTime": "1103/125443", "correlationVector":"1HuAR+l5UGI+79zNsJb5AW.3","action":"GetUpdates Response", "result":"Success", "context":Received 250 update(s). cV=1HuAR+l5UGI+79zNsJb5AW.0;server=akswtt10600000o;cloudType=Consumer;environment=Prod_southeastasia_prod-s01-065-apac-southeastasia;migrationStage=NotStarted Some updates remain.}
{"logTime": "1103/125443", "correlationVector":"Ws8F6BRz5p5GRrRhejPxPq","action":"Initial GetUpdates", "result":"", "context":Reason: NEWLY_SUPPORTED_DATATYPE. cV=Ws8F6BRz5p5GRrRhejPxPq}
{"logTime": "1103/125443", "correlationVector":"Ws8F6BRz5p5GRrRhejPxPq.1","action":"SyncServerConnectionManagerRequest", "result":"SYNC_SERVER_OK", "context":{"environment":"Prod_southeastasia_prod-s01-065-apac-southeastasia", "migrationStage":"NotStarted", "server":"akswtt10600000o"}}
{"logTime": "1103/125443", "correlationVector":"Ws8F6BRz5p5GRrRhejPxPq.2","action":"ProcessGetUpdates", "result":"Done", "context":{"dataType":"History", "deleted":"0", "process_failed_to_decrypt":"0", "process_pending_decryption":"0", "process_success":"250", "total":"250"}}
{"logTime": "1103/125443", "correlationVector":"Ws8F6BRz5p5GRrRhejPxPq.3","action":"GetUpdates Response", "result":"Success", "context":Received 250 update(s). cV=Ws8F6BRz5p5GRrRhejPxPq.0;server=akswtt10600000o;cloudType=Consumer;environment=Prod_southeastasia_prod-s01-065-apac-southeastasia;migrationStage=NotStarted Some updates remain.}
{"logTime": "1103/125443", "correlationVector":"VGN3INgvlxbUYSyh1Y2HeQ","action":"Initial GetUpdates", "result":"", "context":Reason: NEWLY_SUPPORTED_DATATYPE. cV=VGN3INgvlxbUYSyh1Y2HeQ}
{"logTime": "1103/125444", "correlationVector":"VGN3INgvlxbUYSyh1Y2HeQ.1","action":"SyncServerConnectionManagerRequest", "result":"SYNC_SERVER_OK", "context":{"environment":"Prod_southeastasia_prod-s01-065-apac-southeastasia", "migrationStage":"NotStarted", "server":"akswtt10600000v"}}
{"logTime": "1103/125444", "correlationVector":"VGN3INgvlxbUYSyh1Y2HeQ.2","action":"ProcessGetUpdates", "result":"Done", "context":{"dataType":"History", "deleted":"0", "process_failed_to_decrypt":"0", "process_pending_decryption":"0", "process_success":"250", "total":"250"}}
{"logTime": "1103/125444", "correlationVector":"VGN3INgvlxbUYSyh1Y2HeQ.3","action":"GetUpdates Response", "result":"Success", "context":Received 250 update(s). cV=VGN3INgvlxbUYSyh1Y2HeQ.0;server=akswtt10600000v;cloudType=Consumer;environment=Prod_southeastasia_prod-s01-065-apac-southeastasia;migrationStage=NotStarted Some updates remain.}
{"logTime": "1103/125444", "correlationVector":"GUKzkftekc3jjMhwe7EgsK","action":"Initial GetUpdates", "result":"", "context":Reason: NEWLY_SUPPORTED_DATATYPE. cV=GUKzkftekc3jjMhwe7EgsK}
{"logTime": "1103/125445", "correlationVector":"GUKzkftekc3jjMhwe7EgsK.1","action":"SyncServerConnectionManagerRequest", "result":"SYNC_SERVER_OK", "context":{"environment":"Prod_southeastasia_prod-s01-065-apac-southeastasia", "migrationStage":"NotStarted", "server":"akswtt10600000k"}}
{"logTime": "1103/125445", "correlationVector":"GUKzkftekc3jjMhwe7EgsK.2","action":"ProcessGetUpdates", "result":"Done", "context":{"dataType":"History", "deleted":"0", "process_failed_to_decrypt":"0", "process_pending_decryption":"0", "process_success":"250", "total":"250"}}
{"logTime": "1103/125445", "correlationVector":"GUKzkftekc3jjMhwe7EgsK.3","action":"GetUpdates Response", "result":"Success", "context":Received 250 update(s). cV=GUKzkftekc3jjMhwe7EgsK.0;server=akswtt10600000k;cloudType=Consumer;environment=Prod_southeastasia_prod-s01-065-apac-southeastasia;migrationStage=NotStarted Some updates remain.}
{"logTime": "1103/125445", "correlationVector":"bS1orC0AMtN4r8g+ciiYvb","action":"Initial GetUpdates", "result":"", "context":Reason: NEWLY_SUPPORTED_DATATYPE. cV=bS1orC0AMtN4r8g+ciiYvb}
{"logTime": "1103/125446", "correlationVector":"bS1orC0AMtN4r8g+ciiYvb.1","action":"SyncServerConnectionManagerRequest", "result":"SYNC_SERVER_OK", "context":{"environment":"Prod_southeastasia_prod-s01-065-apac-southeastasia", "migrationStage":"NotStarted", "server":"akswtt10600000k"}}
{"logTime": "1103/125446", "correlationVector":"bS1orC0AMtN4r8g+ciiYvb.2","action":"ProcessGetUpdates", "result":"Done", "context":{"dataType":"History", "deleted":"0", "process_failed_to_decrypt":"0", "process_pending_decryption":"0", "process_success":"250", "total":"250"}}
{"logTime": "1103/125446", "correlationVector":"bS1orC0AMtN4r8g+ciiYvb.3","action":"GetUpdates Response", "result":"Success", "context":Received 250 update(s). cV=bS1orC0AMtN4r8g+ciiYvb.0;server=akswtt10600000k;cloudType=Consumer;environment=Prod_southeastasia_prod-s01-065-apac-southeastasia;migrationStage=NotStarted Some updates remain.}
{"logTime": "1103/125446", "correlationVector":"rwfT7xstuSoINsGCTtcM1J","action":"Initial GetUpdates", "result":"", "context":Reason: NEWLY_SUPPORTED_DATATYPE. cV=rwfT7xstuSoINsGCTtcM1J}
{"logTime": "1103/125447", "correlationVector":"rwfT7xstuSoINsGCTtcM1J.1","action":"SyncServerConnectionManagerRequest", "result":"SYNC_SERVER_OK", "context":{"environment":"Prod_southeastasia_prod-s01-065-apac-southeastasia", "migrationStage":"NotStarted", "server":"akswtt10600000k"}}
{"logTime": "1103/125447", "correlationVector":"rwfT7xstuSoINsGCTtcM1J.2","action":"ProcessGetUpdates", "result":"Done", "context":{"dataType":"History", "deleted":"0", "process_failed_to_decrypt":"0", "process_pending_decryption":"0", "process_success":"250", "total":"250"}}
{"logTime": "1103/125447", "correlationVector":"rwfT7xstuSoINsGCTtcM1J.3","action":"GetUpdates Response", "result":"Success", "context":Received 250 update(s). cV=rwfT7xstuSoINsGCTtcM1J.0;server=akswtt10600000k;cloudType=Consumer;environment=Prod_southeastasia_prod-s01-065-apac-southeastasia;migrationStage=NotStarted Some updates remain.}
{"logTime": "1103/125447", "correlationVector":"/RDF37mQj6eUmwmEMo6Gs4","action":"Initial GetUpdates", "result":"", "context":Reason: NEWLY_SUPPORTED_DATATYPE. cV=/RDF37mQj6eUmwmEMo6Gs4}
{"logTime": "1103/125448", "correlationVector":"/RDF37mQj6eUmwmEMo6Gs4.1","action":"SyncServerConnectionManagerRequest", "result":"SYNC_SERVER_OK", "context":{"environment":"Prod_southeastasia_prod-s01-065-apac-southeastasia", "migrationStage":"NotStarted", "server":"akswtt10600000w"}}
{"logTime": "1103/125448", "correlationVector":"/RDF37mQj6eUmwmEMo6Gs4.2","action":"ProcessGetUpdates", "result":"Done", "context":{"dataType":"History", "deleted":"0", "process_failed_to_decrypt":"0", "process_pending_decryption":"0", "process_success":"250", "total":"250"}}
{"logTime": "1103/125448", "correlationVector":"/RDF37mQj6eUmwmEMo6Gs4.3","action":"GetUpdates Response", "result":"Success", "context":Received 250 update(s). cV=/RDF37mQj6eUmwmEMo6Gs4.0;server=akswtt10600000w;cloudType=Consumer;environment=Prod_southeastasia_prod-s01-065-apac-southeastasia;migrationStage=NotStarted Some updates remain.}
{"logTime": "1103/125448", "correlationVector":"tIMJ3ulUPtxJkaGxZTl4ft","action":"Initial GetUpdates", "result":"", "context":Reason: NEWLY_SUPPORTED_DATATYPE. cV=tIMJ3ulUPtxJkaGxZTl4ft}
{"logTime": "1103/125448", "correlationVector":"tIMJ3ulUPtxJkaGxZTl4ft.1","action":"SyncServerConnectionManagerRequest", "result":"SYNC_SERVER_OK", "context":{"environment":"Prod_southeastasia_prod-s01-065-apac-southeastasia", "migrationStage":"NotStarted", "server":"akswtt106000004"}}
{"logTime": "1103/125448", "correlationVector":"tIMJ3ulUPtxJkaGxZTl4ft.2","action":"ProcessGetUpdates", "result":"Done", "context":{"dataType":"History", "deleted":"0", "process_failed_to_decrypt":"0", "process_pending_decryption":"0", "process_success":"250", "total":"250"}}
{"logTime": "1103/125448", "correlationVector":"tIMJ3ulUPtxJkaGxZTl4ft.3","action":"GetUpdates Response", "result":"Success", "context":Received 250 update(s). cV=tIMJ3ulUPtxJkaGxZTl4ft.0;server=akswtt106000004;cloudType=Consumer;environment=Prod_southeastasia_prod-s01-065-apac-southeastasia;migrationStage=NotStarted Some updates remain.}
{"logTime": "1103/125448", "correlationVector":"sIWKlx21tJJD+/ZvJaBBHH","action":"Initial GetUpdates", "result":"", "context":Reason: NEWLY_SUPPORTED_DATATYPE. cV=sIWKlx21tJJD+/ZvJaBBHH}
{"logTime": "1103/125449", "correlationVector":"sIWKlx21tJJD+/ZvJaBBHH.1","action":"SyncServerConnectionManagerRequest", "result":"SYNC_SERVER_OK", "context":{"environment":"Prod_southeastasia_prod-s01-065-apac-southeastasia", "migrationStage":"NotStarted", "server":"akswtt10600000v"}}
{"logTime": "1103/125449", "correlationVector":"sIWKlx21tJJD+/ZvJaBBHH.2","action":"ProcessGetUpdates", "result":"Done", "context":{"dataType":"History", "deleted":"0", "process_failed_to_decrypt":"0", "process_pending_decryption":"0", "process_success":"250", "total":"250"}}
{"logTime": "1103/125449", "correlationVector":"sIWKlx21tJJD+/ZvJaBBHH.3","action":"GetUpdates Response", "result":"Success", "context":Received 250 update(s). cV=sIWKlx21tJJD+/ZvJaBBHH.0;server=akswtt10600000v;cloudType=Consumer;environment=Prod_southeastasia_prod-s01-065-apac-southeastasia;migrationStage=NotStarted Some updates remain.}
{"logTime": "1103/125449", "correlationVector":"PJoDX6DoUYtHWn0kmPE7mu","action":"Initial GetUpdates", "result":"", "context":Reason: NEWLY_SUPPORTED_DATATYPE. cV=PJoDX6DoUYtHWn0kmPE7mu}
{"logTime": "1103/125450", "correlationVector":"PJoDX6DoUYtHWn0kmPE7mu.1","action":"SyncServerConnectionManagerRequest", "result":"SYNC_SERVER_OK", "context":{"environment":"Prod_southeastasia_prod-s01-065-apac-southeastasia", "migrationStage":"NotStarted", "server":"akswtt10600001b"}}
{"logTime": "1103/125450", "correlationVector":"PJoDX6DoUYtHWn0kmPE7mu.2","action":"ProcessGetUpdates", "result":"Done", "context":{"dataType":"History", "deleted":"0", "process_failed_to_decrypt":"0", "process_pending_decryption":"0", "process_success":"250", "total":"250"}}
{"logTime": "1103/125450", "correlationVector":"PJoDX6DoUYtHWn0kmPE7mu.3","action":"GetUpdates Response", "result":"Success", "context":Received 250 update(s). cV=PJoDX6DoUYtHWn0kmPE7mu.0;server=akswtt10600001b;cloudType=Consumer;environment=Prod_southeastasia_prod-s01-065-apac-southeastasia;migrationStage=NotStarted Some updates remain.}
{"logTime": "1103/125450", "correlationVector":"RhittnIjIaHIP73jVhWWfy","action":"Initial GetUpdates", "result":"", "context":Reason: NEWLY_SUPPORTED_DATATYPE. cV=RhittnIjIaHIP73jVhWWfy}
{"logTime": "1103/125450", "correlationVector":"RhittnIjIaHIP73jVhWWfy.1","action":"SyncServerConnectionManagerRequest", "result":"SYNC_SERVER_OK", "context":{"environment":"Prod_southeastasia_prod-s01-065-apac-southeastasia", "migrationStage":"NotStarted", "server":"akswtt10600000v"}}
{"logTime": "1103/125450", "correlationVector":"RhittnIjIaHIP73jVhWWfy.2","action":"ProcessGetUpdates", "result":"Done", "context":{"dataType":"History", "deleted":"0", "process_failed_to_decrypt":"0", "process_pending_decryption":"0", "process_success":"250", "total":"250"}}
{"logTime": "1103/125450", "correlationVector":"RhittnIjIaHIP73jVhWWfy.3","action":"GetUpdates Response", "result":"Success", "context":Received 250 update(s). cV=RhittnIjIaHIP73jVhWWfy.0;server=akswtt10600000v;cloudType=Consumer;environment=Prod_southeastasia_prod-s01-065-apac-southeastasia;migrationStage=NotStarted Some updates remain.}
{"logTime": "1103/125450", "correlationVector":"KBsiRCJNEmU2u4zd/6Ta4S","action":"Initial GetUpdates", "result":"", "context":Reason: NEWLY_SUPPORTED_DATATYPE. cV=KBsiRCJNEmU2u4zd/6Ta4S}
{"logTime": "1103/125451", "correlationVector":"KBsiRCJNEmU2u4zd/6Ta4S.1","action":"SyncServerConnectionManagerRequest", "result":"SYNC_SERVER_OK", "context":{"environment":"Prod_southeastasia_prod-s01-065-apac-southeastasia", "migrationStage":"NotStarted", "server":"akswtt10600001b"}}
{"logTime": "1103/125451", "correlationVector":"KBsiRCJNEmU2u4zd/6Ta4S.2","action":"ProcessGetUpdates", "result":"Done", "context":{"dataType":"History", "deleted":"0", "process_failed_to_decrypt":"0", "process_pending_decryption":"0", "process_success":"250", "total":"250"}}
{"logTime": "1103/125451", "correlationVector":"KBsiRCJNEmU2u4zd/6Ta4S.3","action":"GetUpdates Response", "result":"Success", "context":Received 250 update(s). cV=KBsiRCJNEmU2u4zd/6Ta4S.0;server=akswtt10600001b;cloudType=Consumer;environment=Prod_southeastasia_prod-s01-065-apac-southeastasia;migrationStage=NotStarted Some updates remain.}
{"logTime": "1103/125451", "correlationVector":"5nrzlnEefvQjXOv2X4NawY","action":"Initial GetUpdates", "result":"", "context":Reason: NEWLY_SUPPORTED_DATATYPE. cV=5nrzlnEefvQjXOv2X4NawY}
{"logTime": "1103/125452", "correlationVector":"5nrzlnEefvQjXOv2X4NawY.1","action":"SyncServerConnectionManagerRequest", "result":"SYNC_SERVER_OK", "context":{"environment":"Prod_southeastasia_prod-s01-065-apac-southeastasia", "migrationStage":"NotStarted", "server":"akswtt106000000"}}
{"logTime": "1103/125452", "correlationVector":"5nrzlnEefvQjXOv2X4NawY.2","action":"ProcessGetUpdates", "result":"Done", "context":{"dataType":"History", "deleted":"0", "process_failed_to_decrypt":"0", "process_pending_decryption":"0", "process_success":"250", "total":"250"}}
{"logTime": "1103/125452", "correlationVector":"5nrzlnEefvQjXOv2X4NawY.3","action":"GetUpdates Response", "result":"Success", "context":Received 250 update(s). cV=5nrzlnEefvQjXOv2X4NawY.0;server=akswtt106000000;cloudType=Consumer;environment=Prod_southeastasia_prod-s01-065-apac-southeastasia;migrationStage=NotStarted Some updates remain.}
{"logTime": "1103/125452", "correlationVector":"ki9JtmLNTdh0TspUn6J0jR","action":"Initial GetUpdates", "result":"", "context":Reason: NEWLY_SUPPORTED_DATATYPE. cV=ki9JtmLNTdh0TspUn6J0jR}
{"logTime": "1103/125453", "correlationVector":"ki9JtmLNTdh0TspUn6J0jR.1","action":"SyncServerConnectionManagerRequest", "result":"SYNC_SERVER_OK", "context":{"environment":"Prod_southeastasia_prod-s01-065-apac-southeastasia", "migrationStage":"NotStarted", "server":"akswtt10600000s"}}
{"logTime": "1103/125453", "correlationVector":"ki9JtmLNTdh0TspUn6J0jR.2","action":"ProcessGetUpdates", "result":"Done", "context":{"dataType":"History", "deleted":"0", "process_failed_to_decrypt":"0", "process_pending_decryption":"0", "process_success":"250", "total":"250"}}
{"logTime": "1103/125453", "correlationVector":"ki9JtmLNTdh0TspUn6J0jR.3","action":"GetUpdates Response", "result":"Success", "context":Received 250 update(s). cV=ki9JtmLNTdh0TspUn6J0jR.0;server=akswtt10600000s;cloudType=Consumer;environment=Prod_southeastasia_prod-s01-065-apac-southeastasia;migrationStage=NotStarted Some updates remain.}
{"logTime": "1103/125453", "correlationVector":"UnqW5J1dNKg/lDG5XFsM3v","action":"Initial GetUpdates", "result":"", "context":Reason: NEWLY_SUPPORTED_DATATYPE. cV=UnqW5J1dNKg/lDG5XFsM3v}
{"logTime": "1103/125454", "correlationVector":"UnqW5J1dNKg/lDG5XFsM3v.1","action":"SyncServerConnectionManagerRequest", "result":"SYNC_SERVER_OK", "context":{"environment":"Prod_southeastasia_prod-s01-065-apac-southeastasia", "migrationStage":"NotStarted", "server":"akswtt106000004"}}
{"logTime": "1103/125454", "correlationVector":"UnqW5J1dNKg/lDG5XFsM3v.2","action":"ProcessGetUpdates", "result":"Done", "context":{"dataType":"History", "deleted":"0", "process_failed_to_decrypt":"0", "process_pending_decryption":"0", "process_success":"250", "total":"250"}}
{"logTime": "1103/125454", "correlationVector":"UnqW5J1dNKg/lDG5XFsM3v.3","action":"GetUpdates Response", "result":"Success", "context":Received 250 update(s). cV=UnqW5J1dNKg/lDG5XFsM3v.0;server=akswtt106000004;cloudType=Consumer;environment=Prod_southeastasia_prod-s01-065-apac-southeastasia;migrationStage=NotStarted Some updates remain.}
{"logTime": "1103/125454", "correlationVector":"MsyMpFV0fMAyZU/lMSfhaD","action":"Initial GetUpdates", "result":"", "context":Reason: NEWLY_SUPPORTED_DATATYPE. cV=MsyMpFV0fMAyZU/lMSfhaD}
{"logTime": "1103/125456", "correlationVector":"MsyMpFV0fMAyZU/lMSfhaD.1","action":"SyncServerConnectionManagerRequest", "result":"SYNC_SERVER_OK", "context":{"environment":"Prod_southeastasia_prod-s01-065-apac-southeastasia", "migrationStage":"NotStarted", "server":"akswtt10600000h"}}
{"logTime": "1103/125456", "correlationVector":"MsyMpFV0fMAyZU/lMSfhaD.2","action":"ProcessGetUpdates", "result":"Done", "context":{"dataType":"History", "deleted":"0", "process_failed_to_decrypt":"0", "process_pending_decryption":"0", "process_success":"250", "total":"250"}}
{"logTime": "1103/125456", "correlationVector":"MsyMpFV0fMAyZU/lMSfhaD.3","action":"GetUpdates Response", "result":"Success", "context":Received 250 update(s). cV=MsyMpFV0fMAyZU/lMSfhaD.0;server=akswtt10600000h;cloudType=Consumer;environment=Prod_southeastasia_prod-s01-065-apac-southeastasia;migrationStage=NotStarted Some updates remain.}
{"logTime": "1103/125456", "correlationVector":"+TK4IcX5wqWEONhrKFrVQs","action":"Initial GetUpdates", "result":"", "context":Reason: NEWLY_SUPPORTED_DATATYPE. cV=+TK4IcX5wqWEONhrKFrVQs}
{"logTime": "1103/125456", "correlationVector":"+TK4IcX5wqWEONhrKFrVQs.1","action":"SyncServerConnectionManagerRequest", "result":"SYNC_SERVER_OK", "context":{"environment":"Prod_southeastasia_prod-s01-065-apac-southeastasia", "migrationStage":"NotStarted", "server":"akswtt10600001b"}}
{"logTime": "1103/125456", "correlationVector":"+TK4IcX5wqWEONhrKFrVQs.2","action":"ProcessGetUpdates", "result":"Done", "context":{"dataType":"History", "deleted":"0", "process_failed_to_decrypt":"0", "process_pending_decryption":"0", "process_success":"250", "total":"250"}}
{"logTime": "1103/125456", "correlationVector":"+TK4IcX5wqWEONhrKFrVQs.3","action":"GetUpdates Response", "result":"Success", "context":Received 250 update(s). cV=+TK4IcX5wqWEONhrKFrVQs.0;server=akswtt10600001b;cloudType=Consumer;environment=Prod_southeastasia_prod-s01-065-apac-southeastasia;migrationStage=NotStarted Some updates remain.}
{"logTime": "1103/125456", "correlationVector":"ISygtKWb7tt8zmK/D20y28","action":"Initial GetUpdates", "result":"", "context":Reason: NEWLY_SUPPORTED_DATATYPE. cV=ISygtKWb7tt8zmK/D20y28}
{"logTime": "1103/125457", "correlationVector":"ISygtKWb7tt8zmK/D20y28.1","action":"SyncServerConnectionManagerRequest", "result":"SYNC_SERVER_OK", "context":{"environment":"Prod_southeastasia_prod-s01-065-apac-southeastasia", "migrationStage":"NotStarted", "server":"akswtt10600000h"}}
{"logTime": "1103/125457", "correlationVector":"ISygtKWb7tt8zmK/D20y28.2","action":"ProcessGetUpdates", "result":"Done", "context":{"dataType":"History", "deleted":"0", "process_failed_to_decrypt":"0", "process_pending_decryption":"0", "process_success":"250", "total":"250"}}
{"logTime": "1103/125457", "correlationVector":"ISygtKWb7tt8zmK/D20y28.3","action":"GetUpdates Response", "result":"Success", "context":Received 250 update(s). cV=ISygtKWb7tt8zmK/D20y28.0;server=akswtt10600000h;cloudType=Consumer;environment=Prod_southeastasia_prod-s01-065-apac-southeastasia;migrationStage=NotStarted Some updates remain.}
{"logTime": "1103/125457", "correlationVector":"X4hq9Heuh+kxQK0m6g4E8s","action":"Initial GetUpdates", "result":"", "context":Reason: NEWLY_SUPPORTED_DATATYPE. cV=X4hq9Heuh+kxQK0m6g4E8s}
{"logTime": "1103/125457", "correlationVector":"X4hq9Heuh+kxQK0m6g4E8s.1","action":"SyncServerConnectionManagerRequest", "result":"SYNC_SERVER_OK", "context":{"environment":"Prod_southeastasia_prod-s01-065-apac-southeastasia", "migrationStage":"NotStarted", "server":"akswtt10600000v"}}
{"logTime": "1103/125457", "correlationVector":"X4hq9Heuh+kxQK0m6g4E8s.2","action":"ProcessGetUpdates", "result":"Done", "context":{"dataType":"History", "deleted":"0", "process_failed_to_decrypt":"0", "process_pending_decryption":"0", "process_success":"250", "total":"250"}}
{"logTime": "1103/125457", "correlationVector":"X4hq9Heuh+kxQK0m6g4E8s.3","action":"GetUpdates Response", "result":"Success", "context":Received 250 update(s). cV=X4hq9Heuh+kxQK0m6g4E8s.0;server=akswtt10600000v;cloudType=Consumer;environment=Prod_southeastasia_prod-s01-065-apac-southeastasia;migrationStage=NotStarted Some updates remain.}
{"logTime": "1103/125457", "correlationVector":"xIyljZfl3z+uMVCC22hRGM","action":"Initial GetUpdates", "result":"", "context":Reason: NEWLY_SUPPORTED_DATATYPE. cV=xIyljZfl3z+uMVCC22hRGM}
{"logTime": "1103/125458", "correlationVector":"xIyljZfl3z+uMVCC22hRGM.1","action":"SyncServerConnectionManagerRequest", "result":"SYNC_SERVER_OK", "context":{"environment":"Prod_southeastasia_prod-s01-065-apac-southeastasia", "migrationStage":"NotStarted", "server":"akswtt106000004"}}
{"logTime": "1103/125458", "correlationVector":"xIyljZfl3z+uMVCC22hRGM.2","action":"ProcessGetUpdates", "result":"Done", "context":{"dataType":"History", "deleted":"0", "process_failed_to_decrypt":"0", "process_pending_decryption":"0", "process_success":"250", "total":"250"}}
{"logTime": "1103/125458", "correlationVector":"xIyljZfl3z+uMVCC22hRGM.3","action":"GetUpdates Response", "result":"Success", "context":Received 250 update(s). cV=xIyljZfl3z+uMVCC22hRGM.0;server=akswtt106000004;cloudType=Consumer;environment=Prod_southeastasia_prod-s01-065-apac-southeastasia;migrationStage=NotStarted Some updates remain.}
{"logTime": "1103/125458", "correlationVector":"rTgI9PX6guLmAvbsQfX4N2","action":"Initial GetUpdates", "result":"", "context":Reason: NEWLY_SUPPORTED_DATATYPE. cV=rTgI9PX6guLmAvbsQfX4N2}
{"logTime": "1103/125459", "correlationVector":"rTgI9PX6guLmAvbsQfX4N2.1","action":"SyncServerConnectionManagerRequest", "result":"SYNC_SERVER_OK", "context":{"environment":"Prod_southeastasia_prod-s01-065-apac-southeastasia", "migrationStage":"NotStarted", "server":"akswtt10600000v"}}
{"logTime": "1103/125459", "correlationVector":"rTgI9PX6guLmAvbsQfX4N2.2","action":"ProcessGetUpdates", "result":"Done", "context":{"dataType":"History", "deleted":"0", "process_failed_to_decrypt":"0", "process_pending_decryption":"0", "process_success":"250", "total":"250"}}
{"logTime": "1103/125459", "correlationVector":"rTgI9PX6guLmAvbsQfX4N2.3","action":"GetUpdates Response", "result":"Success", "context":Received 250 update(s). cV=rTgI9PX6guLmAvbsQfX4N2.0;server=akswtt10600000v;cloudType=Consumer;environment=Prod_southeastasia_prod-s01-065-apac-southeastasia;migrationStage=NotStarted Some updates remain.}
{"logTime": "1103/125459", "correlationVector":"iMVOu7rZj2hrO19vvivtI7","action":"Initial GetUpdates", "result":"", "context":Reason: NEWLY_SUPPORTED_DATATYPE. cV=iMVOu7rZj2hrO19vvivtI7}
{"logTime": "1103/125459", "correlationVector":"iMVOu7rZj2hrO19vvivtI7.1","action":"SyncServerConnectionManagerRequest", "result":"SYNC_SERVER_OK", "context":{"environment":"Prod_southeastasia_prod-s01-065-apac-southeastasia", "migrationStage":"NotStarted", "server":"akswtt10600000k"}}
{"logTime": "1103/125459", "correlationVector":"iMVOu7rZj2hrO19vvivtI7.2","action":"ProcessGetUpdates", "result":"Done", "context":{"dataType":"History", "deleted":"0", "process_failed_to_decrypt":"0", "process_pending_decryption":"0", "process_success":"250", "total":"250"}}
{"logTime": "1103/125459", "correlationVector":"iMVOu7rZj2hrO19vvivtI7.3","action":"GetUpdates Response", "result":"Success", "context":Received 250 update(s). cV=iMVOu7rZj2hrO19vvivtI7.0;server=akswtt10600000k;cloudType=Consumer;environment=Prod_southeastasia_prod-s01-065-apac-southeastasia;migrationStage=NotStarted Some updates remain.}
{"logTime": "1103/125459", "correlationVector":"LJCK0dtBCMLh98m4zlNH8+","action":"Initial GetUpdates", "result":"", "context":Reason: NEWLY_SUPPORTED_DATATYPE. cV=LJCK0dtBCMLh98m4zlNH8+}
{"logTime": "1103/125500", "correlationVector":"LJCK0dtBCMLh98m4zlNH8+.1","action":"SyncServerConnectionManagerRequest", "result":"SYNC_SERVER_OK", "context":{"environment":"Prod_southeastasia_prod-s01-065-apac-southeastasia", "migrationStage":"NotStarted", "server":"akswtt10600000o"}}
{"logTime": "1103/125500", "correlationVector":"LJCK0dtBCMLh98m4zlNH8+.2","action":"ProcessGetUpdates", "result":"Done", "context":{"dataType":"History", "deleted":"0", "process_failed_to_decrypt":"0", "process_pending_decryption":"0", "process_success":"250", "total":"250"}}
{"logTime": "1103/125500", "correlationVector":"LJCK0dtBCMLh98m4zlNH8+.3","action":"GetUpdates Response", "result":"Success", "context":Received 250 update(s). cV=LJCK0dtBCMLh98m4zlNH8+.0;server=akswtt10600000o;cloudType=Consumer;environment=Prod_southeastasia_prod-s01-065-apac-southeastasia;migrationStage=NotStarted Some updates remain.}
{"logTime": "1103/125500", "correlationVector":"EgFA1B4bTVc1zsEgoi0/B/","action":"Initial GetUpdates", "result":"", "context":Reason: NEWLY_SUPPORTED_DATATYPE. cV=EgFA1B4bTVc1zsEgoi0/B/}
{"logTime": "1103/125501", "correlationVector":"EgFA1B4bTVc1zsEgoi0/B/.1","action":"SyncServerConnectionManagerRequest", "result":"SYNC_SERVER_OK", "context":{"environment":"Prod_southeastasia_prod-s01-065-apac-southeastasia", "migrationStage":"NotStarted", "server":"akswtt106000004"}}
{"logTime": "1103/125501", "correlationVector":"EgFA1B4bTVc1zsEgoi0/B/.2","action":"ProcessGetUpdates", "result":"Done", "context":{"dataType":"History", "deleted":"0", "process_failed_to_decrypt":"0", "process_pending_decryption":"0", "process_success":"250", "total":"250"}}
{"logTime": "1103/125501", "correlationVector":"EgFA1B4bTVc1zsEgoi0/B/.3","action":"GetUpdates Response", "result":"Success", "context":Received 250 update(s). cV=EgFA1B4bTVc1zsEgoi0/B/.0;server=akswtt106000004;cloudType=Consumer;environment=Prod_southeastasia_prod-s01-065-apac-southeastasia;migrationStage=NotStarted Some updates remain.}
{"logTime": "1103/125501", "correlationVector":"eELLauZxN05W1eyDdpmI/l","action":"Initial GetUpdates", "result":"", "context":Reason: NEWLY_SUPPORTED_DATATYPE. cV=eELLauZxN05W1eyDdpmI/l}
{"logTime": "1103/125502", "correlationVector":"eELLauZxN05W1eyDdpmI/l.1","action":"SyncServerConnectionManagerRequest", "result":"SYNC_SERVER_OK", "context":{"environment":"Prod_southeastasia_prod-s01-065-apac-southeastasia", "migrationStage":"NotStarted", "server":"akswtt10600001b"}}
{"logTime": "1103/125502", "correlationVector":"eELLauZxN05W1eyDdpmI/l.2","action":"ProcessGetUpdates", "result":"Done", "context":{"dataType":"History", "deleted":"0", "process_failed_to_decrypt":"0", "process_pending_decryption":"0", "process_success":"250", "total":"250"}}
{"logTime": "1103/125502", "correlationVector":"eELLauZxN05W1eyDdpmI/l.3","action":"GetUpdates Response", "result":"Success", "context":Received 250 update(s). cV=eELLauZxN05W1eyDdpmI/l.0;server=akswtt10600001b;cloudType=Consumer;environment=Prod_southeastasia_prod-s01-065-apac-southeastasia;migrationStage=NotStarted Some updates remain.}
{"logTime": "1103/125502", "correlationVector":"TFIdzi/llt4LnMD6wIxxat","action":"Initial GetUpdates", "result":"", "context":Reason: NEWLY_SUPPORTED_DATATYPE. cV=TFIdzi/llt4LnMD6wIxxat}
{"logTime": "1103/125503", "correlationVector":"TFIdzi/llt4LnMD6wIxxat.1","action":"SyncServerConnectionManagerRequest", "result":"SYNC_SERVER_OK", "context":{"environment":"Prod_southeastasia_prod-s01-065-apac-southeastasia", "migrationStage":"NotStarted", "server":"akswtt10600000v"}}
{"logTime": "1103/125503", "correlationVector":"TFIdzi/llt4LnMD6wIxxat.2","action":"ProcessGetUpdates", "result":"Done", "context":{"dataType":"History", "deleted":"0", "process_failed_to_decrypt":"0", "process_pending_decryption":"0", "process_success":"250", "total":"250"}}
{"logTime": "1103/125503", "correlationVector":"TFIdzi/llt4LnMD6wIxxat.3","action":"GetUpdates Response", "result":"Success", "context":Received 250 update(s). cV=TFIdzi/llt4LnMD6wIxxat.0;server=akswtt10600000v;cloudType=Consumer;environment=Prod_southeastasia_prod-s01-065-apac-southeastasia;migrationStage=NotStarted Some updates remain.}
{"logTime": "1103/125503", "correlationVector":"fAXFnJviqchAkV+M7afwu4","action":"Initial GetUpdates", "result":"", "context":Reason: NEWLY_SUPPORTED_DATATYPE. cV=fAXFnJviqchAkV+M7afwu4}
{"logTime": "1103/125504", "correlationVector":"fAXFnJviqchAkV+M7afwu4","action":"SyncServerConnectionManagerRequest", "result":"CONNECTION_UNAVAILABLE", "context":{"error_type":"net_error_code", "error_value":"-3"}}
